1The target string is: What's your name?
2The target string is: Hello 00000000000000000000000000000000000000000000000000000000000000000000000000000000000000000000000000000000000000000000000000000000000000000000000000000000000000000000000000000000000000000000000000000000000000000000000000000000000000000000000000000000
3The target string is: ˝=åÙπ
i:0 can:fd
i:1 can:3d
i:2 can:8c
i:3 can:f4
i:4 can:08
i:5 can:b9
i:6 can:0a
4The target string is: Äâ5>Tell me somethin. If you please me, I'll let you pass the test.
5The target string is: First, tell me how long is your story.
6The target string is: OK, let's get down to business.
7The target string is: Damn it. What an awful story:
8The target string is: 00000000000000000000000000000000000000000000000000000000000000000000000000000000000000000000000000000000000000000000000000000000000000000000000000000000000000000000000000000000000000000000000000000000000000000000000000000000000000000000000000000000000000000000000
i:7 ad:30
i:6 ad:30
i:5 ad:30
i:4 ad:30
i:3 ad:30
i:2 ad:30
i:1 ad:30
i:0 ad:30
addr:3030303030303030
addr:3030303030302dc5
i:0 ad:c5
i:1 ad:2d
i:2 ad:30
i:3 ad:30
i:4 ad:30
i:5 ad:30
i:6 ad:30
i:7 ad:30
9The target string is: îƒhU
10The target string is: I'll give you another chance.
11The target string is: Let's see...
12The target string is: Let's see...
1The target string is: What's your name?
2The target string is: zVpÛ3
3The target string is: Tell me somethin. If you please me, I'll let you pass the test.
i:0 can:54
i:1 can:65
i:2 can:6c
i:3 can:6c
i:4 can:20
i:5 can:6d
i:6 can:65
4The target string is: First, tell me how long is your story.
5The target string is: OK, let's get down to business.
6The target string is: Damn it. What an awful story:
7The target string is: 00000000000000000000000000000000000000000000000000000000000000000000000000000000000000000000000000000000000000000000000000000000000000000000000000000000000000000000000000000000000000000000000000000000000000000000000000000000000000000000000000000000000000000000000
8The target string is: î¥ˇ»$V
i:7 ad:00
i:6 ad:0a
i:5 ad:56
i:4 ad:24
i:3 ad:c8
i:2 ad:ff
i:1 ad:b4
i:0 ad:94
addr:a5624c8ffb494
addr:a5624c8ffb229
i:0 ad:29
i:1 ad:b2
i:2 ad:ff
i:3 ad:c8
i:4 ad:24
i:5 ad:56
i:6 ad:0a
i:7 ad:00
9The target string is: I'll give you another chance.
10The target string is: Let's see...
11The target string is: Let's see...
12The target string is: Let's see...
1The target string is: What's your name?
2The target string is: Hello 00000000000000000000000000000000000000000000000000000000000000000000000000000000000000000000000000000000000000000000000000000000000000000000000000000000000000000000000000000000000000000000000000000000000000000000000000000000000000000000000000000000
3The target string is: "ÑÚ%ÏcÄ$´°Tell me somethin. If you please me, I'll let you pass the test.
i:0 can:22
i:1 can:84
i:2 can:f2
i:3 can:25
i:4 can:ec
i:5 can:63
i:6 can:14
4The target string is: First, tell me how long is your story.
5The target string is: OK, let's get down to business.
6The target string is: Damn it. What an awful story:
7The target string is: 00000000000000000000000000000000000000000000000000000000000000000000000000000000000000000000000000000000000000000000000000000000000000000000000000000000000000000000000000000000000000000000000000000000000000000000000000000000000000000000000000000000000000000000000
8The target string is: î¥ùÆoU
i:7 ad:00
i:6 ad:0a
i:5 ad:55
i:4 ad:6f
i:3 ad:ae
i:2 ad:9d
i:1 ad:b4
i:0 ad:94
addr:a556fae9db494
addr:a556fae9db229
i:0 ad:29
i:1 ad:b2
i:2 ad:9d
i:3 ad:ae
i:4 ad:6f
i:5 ad:55
i:6 ad:0a
i:7 ad:00
9The target string is: I'll give you another chance.
10The target string is: Let's see...
11The target string is: Let's see...
12The target string is: Let's see...
1The target string is: What's your name?
2The target string is: Hello 00000000000000000000000000000000000000000000000000000000000000000000000000000000000000000000000000000000000000000000000000000000000000000000000000000000000000000000000000000000000000000000000000000000000000000000000000000000000000000000000000000000
3The target string is: At$ÔD¢y`Ω¡ˆTell me somethin. If you please me, I'll let you pass the test.
i:0 can:41
i:1 can:74
i:2 can:24
i:3 can:ef
i:4 can:44
i:5 can:a2
i:6 can:79
4The target string is: First, tell me how long is your story.
5The target string is: OK, let's get down to business.
6The target string is: Damn it. What an awful story:
7The target string is: 00000000000000000000000000000000000000000000000000000000000000000000000000000000000000000000000000000000000000000000000000000000000000000000000000000000000000000000000000000000000000000000000000000000000000000000000000000000000000000000000000000000000000000000000
8The target string is: îtU£ V
i:7 ad:00
i:6 ad:0a
i:5 ad:56
i:4 ad:20
i:3 ad:a3
i:2 ad:55
i:1 ad:74
i:0 ad:94
addr:a5620a3557494
addr:a5620a3557229
i:0 ad:29
i:1 ad:72
i:2 ad:55
i:3 ad:a3
i:4 ad:20
i:5 ad:56
i:6 ad:0a
i:7 ad:00
9The target string is: I'll give you another chance.
10The target string is: Let's see...
11The target string is: Let's see...
12The target string is: Let's see...
